{
  message: 'server is listening on the port of 4500',
  level: 'info',
  timestamp: '2024-01-17 10:37:56'
}
{
  message: 'server is listening on the port of 4500',
  level: 'info',
  timestamp: '2024-01-17 10:40:38'
}
{
  message: 'server is listening on the port of 4500',
  level: 'info',
  timestamp: '2024-01-17 10:40:41'
}
{
  message: 'server is listening on the port of 4500',
  level: 'info',
  timestamp: '2024-01-17 10:48:55'
}
{
  message: 'server is listening on the port of 4500',
  level: 'info',
  timestamp: '2024-01-17 10:57:06'
}
{
  message: 'server is listening on the port of 4500',
  level: 'info',
  timestamp: '2024-01-17 10:57:18'
}
{
  message: 'server is listening on the port of 4500',
  level: 'info',
  timestamp: '2024-01-17 10:58:10'
}
{
  message: 'server is listening on the port of 4500',
  level: 'info',
  timestamp: '2024-01-17 11:03:44'
}
{
  message: 'server is listening on the port of 4500',
  level: 'info',
  timestamp: '2024-01-17 11:04:26'
}
{
  message: 'server is listening on the port of 4500',
  level: 'info',
  timestamp: '2024-01-17 11:06:43'
}
{
  message: 'server is listening on the port of 4500',
  level: 'info',
  timestamp: '2024-01-17 11:08:11'
}
{
  message: 'server is listening on the port of 4500',
  level: 'info',
  timestamp: '2024-01-17 11:15:40'
}
{
  message: 'server is listening on the port of 4500',
  level: 'info',
  timestamp: '2024-01-17 11:16:06'
}
{
  message: 'server is listening on the port of 4500',
  level: 'info',
  timestamp: '2024-01-17 11:18:12'
}
{
  message: 'server is listening on the port of 4500',
  level: 'info',
  timestamp: '2024-01-17 11:19:09'
}
{
  message: 'server is listening on the port of 4500',
  level: 'info',
  timestamp: '2024-01-17 11:24:37'
}
{
  message: 'server is listening on the port of 4500',
  level: 'info',
  timestamp: '2024-01-17 11:24:47'
}
{
  message: 'server is listening on the port of 4500',
  level: 'info',
  timestamp: '2024-01-17 11:36:15'
}
{
  message: 'server is listening on the port of 4500',
  level: 'info',
  timestamp: '2024-01-17 11:36:50'
}
{
  message: 'server is listening on the port of 4500',
  level: 'info',
  timestamp: '2024-01-17 11:36:55'
}
{
  message: 'server is listening on the port of 4500',
  level: 'info',
  timestamp: '2024-01-17 11:39:24'
}
{
  message: 'server is listening on the port of 4500',
  level: 'info',
  timestamp: '2024-01-17 11:56:12'
}
{
  message: 'server is listening on the port of 4500',
  level: 'info',
  timestamp: '2024-01-17 11:56:39'
}
{
  message: 'server is listening on the port of 4500',
  level: 'info',
  timestamp: '2024-01-17 11:57:54'
}
{
  message: 'server is listening on the port of 4500',
  level: 'info',
  timestamp: '2024-01-17 11:58:56'
}
{
  message: 'server is listening on the port of 4500',
  level: 'info',
  timestamp: '2024-01-17 12:01:57'
}
{
  message: 'server is listening on the port of 4500',
  level: 'info',
  timestamp: '2024-01-17 12:30:19'
}
{
  message: 'server is listening on the port of 4500',
  level: 'info',
  timestamp: '2024-01-17 12:30:28'
}
{
  message: 'server is listening on the port of 4500',
  level: 'info',
  timestamp: '2024-01-17 12:30:52'
}
{
  message: 'server is listening on the port of 4500',
  level: 'info',
  timestamp: '2024-01-17 12:31:38'
}
{
  message: 'server is listening on the port of 4500',
  level: 'info',
  timestamp: '2024-01-17 12:32:05'
}
{
  message: 'server is listening on the port of 4500',
  level: 'info',
  timestamp: '2024-01-17 12:40:11'
}
{
  message: 'server is listening on the port of 4500',
  level: 'info',
  timestamp: '2024-01-17 12:41:22'
}
{
  message: 'server is listening on the port of 4500',
  level: 'info',
  timestamp: '2024-01-17 12:43:11'
}
{
  message: 'server is listening on the port of 4500',
  level: 'info',
  timestamp: '2024-01-17 12:43:28'
}
{
  message: 'server is listening on the port of 4500',
  level: 'info',
  timestamp: '2024-01-17 12:45:11'
}
{
  message: 'server is listening on the port of 4500',
  level: 'info',
  timestamp: '2024-01-17 12:45:42'
}
{
  message: 'server is listening on the port of 4500',
  level: 'info',
  timestamp: '2024-01-17 12:45:58'
}
{
  message: 'server is listening on the port of 4500',
  level: 'info',
  timestamp: '2024-01-17 12:48:01'
}
{
  message: 'server is listening on the port of 4500',
  level: 'info',
  timestamp: '2024-01-17 12:55:13'
}
{
  message: 'server is listening on the port of 4500',
  level: 'info',
  timestamp: '2024-01-17 13:01:40'
}
{
  message: 'server is listening on the port of 4500',
  level: 'info',
  timestamp: '2024-01-17 13:02:03'
}
{
  message: 'server is listening on the port of 4500',
  level: 'info',
  timestamp: '2024-01-17 13:02:26'
}
{
  message: 'server is listening on the port of 4500',
  level: 'info',
  timestamp: '2024-01-17 13:03:15'
}
{
  message: 'server is listening on the port of 4500',
  level: 'info',
  timestamp: '2024-01-17 13:03:47'
}
{
  message: 'server is listening on the port of 4500',
  level: 'info',
  timestamp: '2024-01-17 13:04:19'
}
{
  message: 'server is listening on the port of 4500',
  level: 'info',
  timestamp: '2024-01-17 13:04:48'
}
{
  message: 'server is listening on the port of 4500',
  level: 'info',
  timestamp: '2024-01-17 13:08:03'
}
{
  message: 'server is listening on the port of 4500',
  level: 'info',
  timestamp: '2024-01-17 13:25:29'
}
{
  message: 'server is listening on the port of 4500',
  level: 'info',
  timestamp: '2024-01-17 13:27:52'
}
{
  message: 'server is listening on the port of 4500',
  level: 'info',
  timestamp: '2024-01-17 13:31:30'
}
{
  message: 'server is listening on the port of 4500',
  level: 'info',
  timestamp: '2024-01-17 13:33:03'
}
{
  message: 'Received SIGINT signal. application terminated successfully.',
  level: 'info',
  timestamp: '2024-01-17 13:34:27'
}
{
  message: 'server is listening on the port of 4500',
  level: 'info',
  timestamp: '2024-01-17 13:34:34'
}
{
  message: 'server is listening on the port of 4500',
  level: 'info',
  timestamp: '2024-01-17 13:40:06'
}
{
  message: 'server is listening on the port of 4500',
  level: 'info',
  timestamp: '2024-01-17 13:43:40'
}
{
  message: 'server is listening on the port of 4500',
  level: 'info',
  timestamp: '2024-01-17 13:45:26'
}
{
  message: 'server is listening on the port of 4500',
  level: 'info',
  timestamp: '2024-01-17 13:45:37'
}
{
  message: 'server is listening on the port of 4500',
  level: 'info',
  timestamp: '2024-01-17 13:53:48'
}
{
  message: 'server is listening on the port of 4500',
  level: 'info',
  timestamp: '2024-01-17 13:54:34'
}
{
  message: 'server is listening on the port of 4500',
  level: 'info',
  timestamp: '2024-01-17 13:54:44'
}
{
  message: 'server is listening on the port of 4500',
  level: 'info',
  timestamp: '2024-01-17 13:54:50'
}
{
  message: 'server is listening on the port of 4500',
  level: 'info',
  timestamp: '2024-01-17 13:59:55'
}
{
  message: 'server is listening on the port of 4500',
  level: 'info',
  timestamp: '2024-01-17 14:02:17'
}
{
  message: 'server is listening on the port of 4500',
  level: 'info',
  timestamp: '2024-01-17 14:04:47'
}
{
  message: 'server is listening on the port of 4500',
  level: 'info',
  timestamp: '2024-01-17 14:04:57'
}
{
  message: 'server is listening on the port of 4500',
  level: 'info',
  timestamp: '2024-01-17 14:06:06'
}
{
  message: 'server is listening on the port of 4500',
  level: 'info',
  timestamp: '2024-01-17 14:07:42'
}
{
  message: 'server is listening on the port of 4500',
  level: 'info',
  timestamp: '2024-01-17 14:09:09'
}
{
  message: 'server is listening on the port of 4500',
  level: 'info',
  timestamp: '2024-01-17 14:09:19'
}
{
  message: 'server is listening on the port of 4500',
  level: 'info',
  timestamp: '2024-01-17 14:09:38'
}
{
  message: 'server is listening on the port of 4500',
  level: 'info',
  timestamp: '2024-01-17 15:05:25'
}
{
  message: 'server is listening on the port of 4500',
  level: 'info',
  timestamp: '2024-01-17 15:14:14'
}
{
  message: 'server is listening on the port of 4500',
  level: 'info',
  timestamp: '2024-01-17 15:18:10'
}
{
  message: 'server is listening on the port of 4500',
  level: 'info',
  timestamp: '2024-01-17 15:19:04'
}
{
  message: 'server is listening on the port of 4500',
  level: 'info',
  timestamp: '2024-01-17 15:19:14'
}
{
  message: 'server is listening on the port of 4500',
  level: 'info',
  timestamp: '2024-01-17 15:19:43'
}
{
  message: 'server is listening on the port of 4500',
  level: 'info',
  timestamp: '2024-01-17 15:19:53'
}
{
  message: 'server is listening on the port of 4500',
  level: 'info',
  timestamp: '2024-01-17 15:20:41'
}
{
  message: 'server is listening on the port of 4500',
  level: 'info',
  timestamp: '2024-01-17 15:21:12'
}
{
  message: 'server is listening on the port of 4500',
  level: 'info',
  timestamp: '2024-01-17 15:22:34'
}
{
  message: 'server is listening on the port of 4500',
  level: 'info',
  timestamp: '2024-01-17 15:22:38'
}
{
  message: 'server is listening on the port of 4500',
  level: 'info',
  timestamp: '2024-01-17 15:26:15'
}
{
  message: 'server is listening on the port of 4500',
  level: 'info',
  timestamp: '2024-01-17 15:28:21'
}
{
  message: 'server is listening on the port of 4500',
  level: 'info',
  timestamp: '2024-01-17 15:28:26'
}
{
  message: 'server is listening on the port of 4500',
  level: 'info',
  timestamp: '2024-01-17 15:35:11'
}
{
  message: 'server is listening on the port of 4500',
  level: 'info',
  timestamp: '2024-01-17 15:36:55'
}
{
  message: 'server is listening on the port of 4500',
  level: 'info',
  timestamp: '2024-01-17 15:37:35'
}
{
  message: 'server is listening on the port of 4500',
  level: 'info',
  timestamp: '2024-01-17 15:38:49'
}
{
  message: 'server is listening on the port of 4500',
  level: 'info',
  timestamp: '2024-01-17 15:45:18'
}
{
  message: 'server is listening on the port of 4500',
  level: 'info',
  timestamp: '2024-01-17 15:46:52'
}
{
  message: 'server is listening on the port of 4500',
  level: 'info',
  timestamp: '2024-01-17 15:47:02'
}
{
  message: 'server is listening on the port of 4500',
  level: 'info',
  timestamp: '2024-01-17 15:52:53'
}
{
  message: 'server is listening on the port of 4500',
  level: 'info',
  timestamp: '2024-01-17 15:54:26'
}
{
  message: 'server is listening on the port of 4500',
  level: 'info',
  timestamp: '2024-01-17 15:54:50'
}
{
  message: 'server is listening on the port of 4500',
  level: 'info',
  timestamp: '2024-01-17 15:54:58'
}
{
  message: 'server is listening on the port of 4500',
  level: 'info',
  timestamp: '2024-01-17 15:58:14'
}
{
  message: 'server is listening on the port of 4500',
  level: 'info',
  timestamp: '2024-01-17 15:58:18'
}
{
  message: 'server is listening on the port of 4500',
  level: 'info',
  timestamp: '2024-01-17 15:59:34'
}
{
  message: 'server is listening on the port of 4500',
  level: 'info',
  timestamp: '2024-01-17 15:59:52'
}
{
  message: 'server is listening on the port of 4500',
  level: 'info',
  timestamp: '2024-01-17 16:02:00'
}
{
  message: 'server is listening on the port of 4500',
  level: 'info',
  timestamp: '2024-01-17 16:03:20'
}
{
  message: 'server is listening on the port of 4500',
  level: 'info',
  timestamp: '2024-01-17 16:03:26'
}
{
  message: 'server is listening on the port of 4500',
  level: 'info',
  timestamp: '2024-01-17 16:04:01'
}
{
  message: 'server is listening on the port of 4500',
  level: 'info',
  timestamp: '2024-01-17 16:04:05'
}
{
  message: 'server is listening on the port of 4500',
  level: 'info',
  timestamp: '2024-01-17 16:04:16'
}
{
  message: 'server is listening on the port of 4500',
  level: 'info',
  timestamp: '2024-01-17 16:05:29'
}
{
  message: 'server is listening on the port of 4500',
  level: 'info',
  timestamp: '2024-01-17 16:06:31'
}
{
  message: 'server is listening on the port of 4500',
  level: 'info',
  timestamp: '2024-01-17 16:07:51'
}
{
  message: 'server is listening on the port of 4500',
  level: 'info',
  timestamp: '2024-01-17 16:07:54'
}
{
  message: 'server is listening on the port of 4500',
  level: 'info',
  timestamp: '2024-01-17 16:10:20'
}
{
  message: 'server is listening on the port of 4500',
  level: 'info',
  timestamp: '2024-01-17 16:10:31'
}
{
  message: 'server is listening on the port of 4500',
  level: 'info',
  timestamp: '2024-01-17 16:10:50'
}
{
  message: 'server is listening on the port of 4500',
  level: 'info',
  timestamp: '2024-01-17 16:10:54'
}
{
  message: 'server is listening on the port of 4500',
  level: 'info',
  timestamp: '2024-01-17 16:12:19'
}
{
  message: 'server is listening on the port of 4500',
  level: 'info',
  timestamp: '2024-01-17 16:12:30'
}
{
  message: 'server is listening on the port of 4500',
  level: 'info',
  timestamp: '2024-01-17 16:12:48'
}
{
  message: 'server is listening on the port of 4500',
  level: 'info',
  timestamp: '2024-01-17 16:13:29'
}
{
  message: 'server is listening on the port of 4500',
  level: 'info',
  timestamp: '2024-01-17 16:13:42'
}
{
  message: 'server is listening on the port of 4500',
  level: 'info',
  timestamp: '2024-01-17 16:13:57'
}
{
  message: 'server is listening on the port of 4500',
  level: 'info',
  timestamp: '2024-01-17 16:23:35'
}
{
  message: 'server is listening on the port of 4500',
  level: 'info',
  timestamp: '2024-01-17 16:24:32'
}
{
  message: 'server is listening on the port of 4500',
  level: 'info',
  timestamp: '2024-01-17 16:36:19'
}
{
  message: 'server is listening on the port of 4500',
  level: 'info',
  timestamp: '2024-01-17 16:37:18'
}
{
  message: 'server is listening on the port of 4500',
  level: 'info',
  timestamp: '2024-01-17 16:38:05'
}
{
  message: 'server is listening on the port of 4500',
  level: 'info',
  timestamp: '2024-01-17 16:41:23'
}
{
  message: 'server is listening on the port of 4500',
  level: 'info',
  timestamp: '2024-01-17 16:41:30'
}
{
  message: 'server is listening on the port of 4500',
  level: 'info',
  timestamp: '2024-01-17 16:49:21'
}
{
  message: 'server is listening on the port of 4500',
  level: 'info',
  timestamp: '2024-01-17 16:49:26'
}
{
  message: 'server is listening on the port of 4500',
  level: 'info',
  timestamp: '2024-01-17 16:50:24'
}
{
  message: 'server is listening on the port of 4500',
  level: 'info',
  timestamp: '2024-01-17 17:00:04'
}
{
  message: 'server is listening on the port of 4500',
  level: 'info',
  timestamp: '2024-01-17 17:00:27'
}
{
  message: 'server is listening on the port of 4500',
  level: 'info',
  timestamp: '2024-01-17 17:02:45'
}
{
  message: 'server is listening on the port of 4500',
  level: 'info',
  timestamp: '2024-01-17 17:02:55'
}
{
  message: 'server is listening on the port of 4500',
  level: 'info',
  timestamp: '2024-01-17 17:02:58'
}
{
  message: 'server is listening on the port of 4500',
  level: 'info',
  timestamp: '2024-01-17 17:03:14'
}
{
  message: 'server is listening on the port of 4500',
  level: 'info',
  timestamp: '2024-01-17 17:22:00'
}
{
  message: 'server is listening on the port of 4500',
  level: 'info',
  timestamp: '2024-01-17 17:23:10'
}
{
  message: 'server is listening on the port of 4500',
  level: 'info',
  timestamp: '2024-01-17 17:26:21'
}
{
  message: 'server is listening on the port of 4500',
  level: 'info',
  timestamp: '2024-01-17 17:27:26'
}
{
  message: 'server is listening on the port of 4500',
  level: 'info',
  timestamp: '2024-01-17 17:31:24'
}
{
  message: 'server is listening on the port of 4500',
  level: 'info',
  timestamp: '2024-01-17 17:33:11'
}
{
  message: 'server is listening on the port of 4500',
  level: 'info',
  timestamp: '2024-01-17 17:33:17'
}
{
  message: 'server is listening on the port of 4500',
  level: 'info',
  timestamp: '2024-01-17 17:33:28'
}
{
  message: 'server is listening on the port of 4500',
  level: 'info',
  timestamp: '2024-01-17 17:35:20'
}
{
  message: 'server is listening on the port of 4500',
  level: 'info',
  timestamp: '2024-01-17 17:42:17'
}
{
  message: 'server is listening on the port of 4500',
  level: 'info',
  timestamp: '2024-01-17 17:43:14'
}
{
  message: 'server is listening on the port of 4500',
  level: 'info',
  timestamp: '2024-01-17 17:44:21'
}
{
  message: 'server is listening on the port of 4500',
  level: 'info',
  timestamp: '2024-01-17 17:44:33'
}
{
  message: 'server is listening on the port of 4500',
  level: 'info',
  timestamp: '2024-01-17 17:45:12'
}
{
  message: 'server is listening on the port of 4500',
  level: 'info',
  timestamp: '2024-01-17 17:46:11'
}
{
  message: 'server is listening on the port of 4500',
  level: 'info',
  timestamp: '2024-01-17 17:46:45'
}
{
  message: 'server is listening on the port of 4500',
  level: 'info',
  timestamp: '2024-01-17 18:14:59'
}
{
  message: 'server is listening on the port of 4500',
  level: 'info',
  timestamp: '2024-01-17 18:15:40'
}
{
  message: 'server is listening on the port of 4500',
  level: 'info',
  timestamp: '2024-01-17 18:20:32'
}
{
  message: 'server is listening on the port of 4500',
  level: 'info',
  timestamp: '2024-01-17 18:21:00'
}
{
  message: 'server is listening on the port of 4500',
  level: 'info',
  timestamp: '2024-01-17 18:21:13'
}
{
  message: 'server is listening on the port of 4500',
  level: 'info',
  timestamp: '2024-01-17 18:23:05'
}
{
  message: 'server is listening on the port of 4500',
  level: 'info',
  timestamp: '2024-01-17 18:26:34'
}
{
  message: 'server is listening on the port of 4500',
  level: 'info',
  timestamp: '2024-01-17 18:26:41'
}
{
  message: 'server is listening on the port of 4500',
  level: 'info',
  timestamp: '2024-01-17 18:27:36'
}
{
  message: 'server is listening on the port of 4500',
  level: 'info',
  timestamp: '2024-01-17 18:34:36'
}
{
  message: 'server is listening on the port of 4500',
  level: 'info',
  timestamp: '2024-01-17 18:37:32'
}
{
  message: 'server is listening on the port of 4500',
  level: 'info',
  timestamp: '2024-01-17 18:43:17'
}
{
  message: 'server is listening on the port of 4500',
  level: 'info',
  timestamp: '2024-01-17 18:43:43'
}
{
  message: 'server is listening on the port of 4500',
  level: 'info',
  timestamp: '2024-01-17 18:44:17'
}
{
  message: 'server is listening on the port of 4500',
  level: 'info',
  timestamp: '2024-01-17 18:44:19'
}
{
  message: 'server is listening on the port of 4500',
  level: 'info',
  timestamp: '2024-01-17 18:45:27'
}
{
  message: 'server is listening on the port of 4500',
  level: 'info',
  timestamp: '2024-01-17 18:45:48'
}
{
  message: 'server is listening on the port of 4500',
  level: 'info',
  timestamp: '2024-01-17 18:47:14'
}
{
  message: 'server is listening on the port of 4500',
  level: 'info',
  timestamp: '2024-01-17 18:47:51'
}
{
  message: 'server is listening on the port of 4500',
  level: 'info',
  timestamp: '2024-01-17 18:48:07'
}
{
  message: 'server is listening on the port of 4500',
  level: 'info',
  timestamp: '2024-01-17 18:48:38'
}
{
  message: 'server is listening on the port of 4500',
  level: 'info',
  timestamp: '2024-01-17 18:52:02'
}
{
  message: 'server is listening on the port of 4500',
  level: 'info',
  timestamp: '2024-01-17 18:52:09'
}
{
  message: 'server is listening on the port of 4500',
  level: 'info',
  timestamp: '2024-01-17 18:52:36'
}
{
  message: 'server is listening on the port of 4500',
  level: 'info',
  timestamp: '2024-01-17 18:55:06'
}
{
  message: 'server is listening on the port of 4500',
  level: 'info',
  timestamp: '2024-01-17 18:55:09'
}
{
  message: 'server is listening on the port of 4500',
  level: 'info',
  timestamp: '2024-01-17 18:55:25'
}
{
  message: 'server is listening on the port of 4500',
  level: 'info',
  timestamp: '2024-01-17 18:56:46'
}
{
  message: 'server is listening on the port of 4500',
  level: 'info',
  timestamp: '2024-01-17 18:57:34'
}
{
  message: 'server is listening on the port of 4500',
  level: 'info',
  timestamp: '2024-01-17 18:59:43'
}
{
  message: 'server is listening on the port of 4500',
  level: 'info',
  timestamp: '2024-01-17 19:01:02'
}
{
  message: 'server is listening on the port of 4500',
  level: 'info',
  timestamp: '2024-01-17 19:01:45'
}
{
  message: 'server is listening on the port of 4500',
  level: 'info',
  timestamp: '2024-01-17 19:02:26'
}
{
  message: 'server is listening on the port of 4500',
  level: 'info',
  timestamp: '2024-01-17 19:02:57'
}
{
  message: 'server is listening on the port of 4500',
  level: 'info',
  timestamp: '2024-01-17 19:03:57'
}
{
  message: 'server is listening on the port of 4500',
  level: 'info',
  timestamp: '2024-01-17 19:04:17'
}
{
  message: 'server is listening on the port of 4500',
  level: 'info',
  timestamp: '2024-01-17 19:05:48'
}
{
  message: 'server is listening on the port of 4500',
  level: 'info',
  timestamp: '2024-01-17 19:06:32'
}
{
  message: 'server is listening on the port of 4500',
  level: 'info',
  timestamp: '2024-01-17 19:09:39'
}
{
  message: 'server is listening on the port of 4500',
  level: 'info',
  timestamp: '2024-01-17 19:09:53'
}
{
  message: 'server is listening on the port of 4500',
  level: 'info',
  timestamp: '2024-01-17 19:10:09'
}
{
  message: 'server is listening on the port of 4500',
  level: 'info',
  timestamp: '2024-01-17 19:10:14'
}
{
  message: 'server is listening on the port of 4500',
  level: 'info',
  timestamp: '2024-01-17 19:10:55'
}
{
  message: 'server is listening on the port of 4500',
  level: 'info',
  timestamp: '2024-01-17 19:11:51'
}
{
  message: 'server is listening on the port of 4500',
  level: 'info',
  timestamp: '2024-01-17 19:12:12'
}
{
  message: 'server is listening on the port of 4500',
  level: 'info',
  timestamp: '2024-01-17 19:12:39'
}
{
  message: 'server is listening on the port of 4500',
  level: 'info',
  timestamp: '2024-01-17 19:14:09'
}
{
  message: 'server is listening on the port of 4500',
  level: 'info',
  timestamp: '2024-01-17 19:16:33'
}
{
  message: 'server is listening on the port of 4500',
  level: 'info',
  timestamp: '2024-01-17 19:17:11'
}
{
  message: 'server is listening on the port of 4500',
  level: 'info',
  timestamp: '2024-01-17 19:19:39'
}
{
  message: 'server is listening on the port of 4500',
  level: 'info',
  timestamp: '2024-01-17 19:20:23'
}
{
  message: 'server is listening on the port of 4500',
  level: 'info',
  timestamp: '2024-01-17 19:21:47'
}
{
  message: 'server is listening on the port of 4500',
  level: 'info',
  timestamp: '2024-01-17 19:22:36'
}
{
  message: 'server is listening on the port of 4500',
  level: 'info',
  timestamp: '2024-01-17 19:25:29'
}
{
  message: 'server is listening on the port of 4500',
  level: 'info',
  timestamp: '2024-01-17 19:30:00'
}
{
  message: 'server is listening on the port of 4500',
  level: 'info',
  timestamp: '2024-01-17 19:30:37'
}
{
  message: 'server is listening on the port of 4500',
  level: 'info',
  timestamp: '2024-01-17 19:36:16'
}
{
  message: 'server is listening on the port of 4500',
  level: 'info',
  timestamp: '2024-01-17 19:42:12'
}
{
  message: 'server is listening on the port of 4500',
  level: 'info',
  timestamp: '2024-01-17 20:08:05'
}
{
  message: 'server is listening on the port of 4500',
  level: 'info',
  timestamp: '2024-01-17 21:06:04'
}
{
  message: 'server is listening on the port of 4500',
  level: 'info',
  timestamp: '2024-01-17 21:06:08'
}
