{
  message: 'server is listening on the port of 4500',
  level: 'info',
  timestamp: '2024-01-18 11:36:19'
}
{
  message: 'server is listening on the port of 4500',
  level: 'info',
  timestamp: '2024-01-18 11:38:05'
}
{
  message: 'server is listening on the port of 4500',
  level: 'info',
  timestamp: '2024-01-18 11:38:07'
}
{
  message: 'server is listening on the port of 4500',
  level: 'info',
  timestamp: '2024-01-18 11:42:08'
}
{
  message: 'server is listening on the port of 4500',
  level: 'info',
  timestamp: '2024-01-18 11:48:36'
}
{
  message: 'server is listening on the port of 4500',
  level: 'info',
  timestamp: '2024-01-18 11:56:15'
}
{
  message: 'server is listening on the port of 4500',
  level: 'info',
  timestamp: '2024-01-18 11:56:34'
}
{
  message: 'server is listening on the port of 4500',
  level: 'info',
  timestamp: '2024-01-18 12:00:54'
}
{
  message: 'server is listening on the port of 4500',
  level: 'info',
  timestamp: '2024-01-18 12:01:04'
}
{
  message: 'server is listening on the port of 4500',
  level: 'info',
  timestamp: '2024-01-18 12:01:09'
}
{
  message: 'server is listening on the port of 4500',
  level: 'info',
  timestamp: '2024-01-18 12:02:30'
}
{
  message: 'server is listening on the port of 4500',
  level: 'info',
  timestamp: '2024-01-18 12:10:21'
}
{
  message: 'server is listening on the port of 4500',
  level: 'info',
  timestamp: '2024-01-18 12:13:07'
}
{
  message: 'server is listening on the port of 4500',
  level: 'info',
  timestamp: '2024-01-18 12:13:52'
}
{
  message: 'server is listening on the port of 4500',
  level: 'info',
  timestamp: '2024-01-18 12:14:53'
}
{
  message: 'server is listening on the port of 4500',
  level: 'info',
  timestamp: '2024-01-18 12:16:58'
}
{
  message: 'server is listening on the port of 4500',
  level: 'info',
  timestamp: '2024-01-18 12:17:04'
}
{
  message: 'server is listening on the port of 4500',
  level: 'info',
  timestamp: '2024-01-18 12:18:06'
}
{
  message: 'server is listening on the port of 4500',
  level: 'info',
  timestamp: '2024-01-18 12:18:24'
}
{
  message: 'server is listening on the port of 4500',
  level: 'info',
  timestamp: '2024-01-18 12:19:49'
}
{
  message: 'server is listening on the port of 4500',
  level: 'info',
  timestamp: '2024-01-18 12:19:56'
}
{
  message: 'server is listening on the port of 4500',
  level: 'info',
  timestamp: '2024-01-18 12:19:59'
}
{
  message: 'server is listening on the port of 4500',
  level: 'info',
  timestamp: '2024-01-18 12:20:21'
}
{
  message: 'server is listening on the port of 4500',
  level: 'info',
  timestamp: '2024-01-18 12:20:42'
}
{
  message: 'server is listening on the port of 4500',
  level: 'info',
  timestamp: '2024-01-18 12:20:47'
}
{
  message: 'server is listening on the port of 4500',
  level: 'info',
  timestamp: '2024-01-18 12:31:50'
}
{
  message: 'server is listening on the port of 4500',
  level: 'info',
  timestamp: '2024-01-18 12:32:36'
}
{
  message: 'server is listening on the port of 4500',
  level: 'info',
  timestamp: '2024-01-18 14:29:50'
}
{
  message: 'server is listening on the port of 4500',
  level: 'info',
  timestamp: '2024-01-18 14:30:10'
}
{
  message: 'server is listening on the port of 4500',
  level: 'info',
  timestamp: '2024-01-18 14:30:44'
}
{
  message: 'server is listening on the port of 4500',
  level: 'info',
  timestamp: '2024-01-18 14:31:37'
}
{
  message: 'server is listening on the port of 4500',
  level: 'info',
  timestamp: '2024-01-18 14:32:42'
}
{
  message: 'server is listening on the port of 4500',
  level: 'info',
  timestamp: '2024-01-18 14:35:26'
}
{
  message: 'server is listening on the port of 4500',
  level: 'info',
  timestamp: '2024-01-18 14:40:09'
}
{
  message: 'server is listening on the port of 4500',
  level: 'info',
  timestamp: '2024-01-18 14:43:03'
}
{
  message: 'server is listening on the port of 4500',
  level: 'info',
  timestamp: '2024-01-18 14:47:17'
}
{
  message: 'server is listening on the port of 4500',
  level: 'info',
  timestamp: '2024-01-18 14:48:54'
}
{
  message: 'server is listening on the port of 4500',
  level: 'info',
  timestamp: '2024-01-18 14:51:46'
}
{
  message: 'server is listening on the port of 4500',
  level: 'info',
  timestamp: '2024-01-18 14:52:20'
}
{
  message: 'server is listening on the port of 4500',
  level: 'info',
  timestamp: '2024-01-18 14:54:42'
}
{
  message: 'server is listening on the port of 4500',
  level: 'info',
  timestamp: '2024-01-18 14:54:51'
}
{
  message: 'server is listening on the port of 4500',
  level: 'info',
  timestamp: '2024-01-18 15:01:17'
}
{
  message: 'server is listening on the port of 4500',
  level: 'info',
  timestamp: '2024-01-18 15:03:54'
}
{
  message: 'server is listening on the port of 4500',
  level: 'info',
  timestamp: '2024-01-18 15:04:22'
}
{
  message: 'server is listening on the port of 4500',
  level: 'info',
  timestamp: '2024-01-18 15:06:27'
}
{
  message: 'server is listening on the port of 4500',
  level: 'info',
  timestamp: '2024-01-18 15:14:28'
}
{
  message: 'server is listening on the port of 4500',
  level: 'info',
  timestamp: '2024-01-18 15:14:52'
}
{
  message: 'server is listening on the port of 4500',
  level: 'info',
  timestamp: '2024-01-18 15:15:03'
}
{
  message: 'server is listening on the port of 4500',
  level: 'info',
  timestamp: '2024-01-18 15:16:01'
}
{
  message: 'server is listening on the port of 4500',
  level: 'info',
  timestamp: '2024-01-18 15:20:17'
}
{
  message: 'server is listening on the port of 4500',
  level: 'info',
  timestamp: '2024-01-18 15:21:39'
}
{
  message: 'server is listening on the port of 4500',
  level: 'info',
  timestamp: '2024-01-18 15:23:12'
}
{
  message: 'server is listening on the port of 4500',
  level: 'info',
  timestamp: '2024-01-18 15:29:06'
}
{
  message: 'server is listening on the port of 4500',
  level: 'info',
  timestamp: '2024-01-18 15:29:58'
}
{
  message: 'server is listening on the port of 4500',
  level: 'info',
  timestamp: '2024-01-18 15:31:10'
}
{
  message: 'server is listening on the port of 4500',
  level: 'info',
  timestamp: '2024-01-18 15:33:40'
}
{
  message: 'server is listening on the port of 4500',
  level: 'info',
  timestamp: '2024-01-18 15:45:16'
}
{
  message: 'server is listening on the port of 4500',
  level: 'info',
  timestamp: '2024-01-18 15:46:46'
}
{
  message: 'server is listening on the port of 4500',
  level: 'info',
  timestamp: '2024-01-18 15:46:54'
}
{
  message: 'server is listening on the port of 4500',
  level: 'info',
  timestamp: '2024-01-18 15:47:00'
}
{
  message: 'server is listening on the port of 4500',
  level: 'info',
  timestamp: '2024-01-18 15:52:49'
}
{
  message: 'server is listening on the port of 4500',
  level: 'info',
  timestamp: '2024-01-18 15:55:52'
}
{
  message: 'server is listening on the port of 4500',
  level: 'info',
  timestamp: '2024-01-18 15:56:08'
}
{
  message: 'server is listening on the port of 4500',
  level: 'info',
  timestamp: '2024-01-18 15:58:33'
}
{
  message: 'server is listening on the port of 4500',
  level: 'info',
  timestamp: '2024-01-18 15:58:37'
}
{
  message: 'server is listening on the port of 4500',
  level: 'info',
  timestamp: '2024-01-18 15:59:32'
}
{
  message: 'server is listening on the port of 4500',
  level: 'info',
  timestamp: '2024-01-18 15:59:36'
}
{
  message: 'server is listening on the port of 4500',
  level: 'info',
  timestamp: '2024-01-18 16:00:00'
}
{
  message: 'server is listening on the port of 4500',
  level: 'info',
  timestamp: '2024-01-18 16:01:43'
}
{
  message: 'server is listening on the port of 4500',
  level: 'info',
  timestamp: '2024-01-18 16:02:07'
}
{
  message: 'server is listening on the port of 4500',
  level: 'info',
  timestamp: '2024-01-18 16:03:59'
}
{
  message: 'server is listening on the port of 4500',
  level: 'info',
  timestamp: '2024-01-18 16:16:25'
}
{
  message: 'server is listening on the port of 4500',
  level: 'info',
  timestamp: '2024-01-18 16:17:02'
}
{
  message: 'server is listening on the port of 4500',
  level: 'info',
  timestamp: '2024-01-18 16:19:34'
}
{
  message: 'server is listening on the port of 4500',
  level: 'info',
  timestamp: '2024-01-18 16:20:46'
}
{
  message: 'server is listening on the port of 4500',
  level: 'info',
  timestamp: '2024-01-18 16:21:41'
}
{
  message: 'server is listening on the port of 4500',
  level: 'info',
  timestamp: '2024-01-18 16:23:33'
}
{
  message: 'server is listening on the port of 4500',
  level: 'info',
  timestamp: '2024-01-18 16:24:41'
}
{
  message: 'server is listening on the port of 4500',
  level: 'info',
  timestamp: '2024-01-18 16:25:04'
}
{
  message: 'server is listening on the port of 4500',
  level: 'info',
  timestamp: '2024-01-18 16:25:52'
}
{
  message: 'server is listening on the port of 4500',
  level: 'info',
  timestamp: '2024-01-18 16:30:47'
}
{
  message: 'server is listening on the port of 4500',
  level: 'info',
  timestamp: '2024-01-18 16:31:34'
}
{
  message: 'server is listening on the port of 4500',
  level: 'info',
  timestamp: '2024-01-18 16:39:10'
}
{
  message: 'server is listening on the port of 4500',
  level: 'info',
  timestamp: '2024-01-18 16:39:29'
}
{
  message: 'server is listening on the port of 4500',
  level: 'info',
  timestamp: '2024-01-18 16:42:31'
}
{
  message: 'server is listening on the port of 4500',
  level: 'info',
  timestamp: '2024-01-18 16:43:29'
}
{
  message: 'server is listening on the port of 4500',
  level: 'info',
  timestamp: '2024-01-18 16:44:31'
}
{
  message: 'server is listening on the port of 4500',
  level: 'info',
  timestamp: '2024-01-18 16:44:48'
}
{
  message: 'server is listening on the port of 4500',
  level: 'info',
  timestamp: '2024-01-18 16:47:23'
}
{
  message: 'server is listening on the port of 4500',
  level: 'info',
  timestamp: '2024-01-18 16:47:55'
}
{
  message: 'server is listening on the port of 4500',
  level: 'info',
  timestamp: '2024-01-18 16:51:47'
}
{
  message: 'server is listening on the port of 4500',
  level: 'info',
  timestamp: '2024-01-18 16:51:55'
}
{
  message: 'server is listening on the port of 4500',
  level: 'info',
  timestamp: '2024-01-18 16:52:21'
}
{
  message: 'server is listening on the port of 4500',
  level: 'info',
  timestamp: '2024-01-18 16:53:16'
}
{
  message: 'server is listening on the port of 4500',
  level: 'info',
  timestamp: '2024-01-18 16:54:12'
}
{
  message: 'server is listening on the port of 4500',
  level: 'info',
  timestamp: '2024-01-18 16:55:34'
}
{
  message: 'server is listening on the port of 4500',
  level: 'info',
  timestamp: '2024-01-18 17:03:41'
}
{
  message: 'server is listening on the port of 4500',
  level: 'info',
  timestamp: '2024-01-18 17:10:38'
}
{
  message: 'server is listening on the port of 4500',
  level: 'info',
  timestamp: '2024-01-18 17:12:08'
}
{
  message: 'server is listening on the port of 4500',
  level: 'info',
  timestamp: '2024-01-18 17:12:42'
}
{
  message: 'server is listening on the port of 4500',
  level: 'info',
  timestamp: '2024-01-18 17:12:57'
}
{
  message: 'server is listening on the port of 4500',
  level: 'info',
  timestamp: '2024-01-18 17:13:32'
}
{
  message: 'server is listening on the port of 4500',
  level: 'info',
  timestamp: '2024-01-18 17:14:50'
}
{
  message: 'server is listening on the port of 4500',
  level: 'info',
  timestamp: '2024-01-18 17:15:43'
}
{
  message: 'server is listening on the port of 4500',
  level: 'info',
  timestamp: '2024-01-18 17:15:56'
}
{
  message: 'server is listening on the port of 4500',
  level: 'info',
  timestamp: '2024-01-18 17:17:42'
}
{
  message: 'server is listening on the port of 4500',
  level: 'info',
  timestamp: '2024-01-18 17:18:18'
}
{
  message: 'server is listening on the port of 4500',
  level: 'info',
  timestamp: '2024-01-18 17:19:35'
}
{
  message: 'server is listening on the port of 4500',
  level: 'info',
  timestamp: '2024-01-18 17:21:06'
}
{
  message: 'server is listening on the port of 4500',
  level: 'info',
  timestamp: '2024-01-18 17:21:12'
}
{
  message: 'server is listening on the port of 4500',
  level: 'info',
  timestamp: '2024-01-18 17:21:39'
}
{
  message: 'server is listening on the port of 4500',
  level: 'info',
  timestamp: '2024-01-18 17:26:05'
}
{
  message: 'server is listening on the port of 4500',
  level: 'info',
  timestamp: '2024-01-18 17:26:12'
}
{
  message: 'server is listening on the port of 4500',
  level: 'info',
  timestamp: '2024-01-18 17:27:25'
}
{
  message: 'server is listening on the port of 4500',
  level: 'info',
  timestamp: '2024-01-18 17:29:13'
}
{
  message: 'server is listening on the port of 4500',
  level: 'info',
  timestamp: '2024-01-18 17:31:24'
}
{
  message: 'server is listening on the port of 4500',
  level: 'info',
  timestamp: '2024-01-18 17:31:33'
}
{
  message: 'server is listening on the port of 4500',
  level: 'info',
  timestamp: '2024-01-18 17:36:47'
}
{
  message: 'server is listening on the port of 4500',
  level: 'info',
  timestamp: '2024-01-18 17:37:15'
}
{
  message: 'server is listening on the port of 4500',
  level: 'info',
  timestamp: '2024-01-18 17:37:43'
}
{
  message: 'server is listening on the port of 4500',
  level: 'info',
  timestamp: '2024-01-18 17:38:57'
}
{
  message: 'server is listening on the port of 4500',
  level: 'info',
  timestamp: '2024-01-18 17:39:51'
}
{
  message: 'server is listening on the port of 4500',
  level: 'info',
  timestamp: '2024-01-18 17:40:18'
}
{
  message: 'server is listening on the port of 4500',
  level: 'info',
  timestamp: '2024-01-18 17:42:03'
}
{
  message: 'server is listening on the port of 4500',
  level: 'info',
  timestamp: '2024-01-18 17:42:31'
}
{
  message: 'server is listening on the port of 4500',
  level: 'info',
  timestamp: '2024-01-18 17:43:14'
}
{
  message: 'server is listening on the port of 4500',
  level: 'info',
  timestamp: '2024-01-18 17:43:55'
}
{
  message: 'server is listening on the port of 4500',
  level: 'info',
  timestamp: '2024-01-18 17:45:14'
}
{
  message: 'server is listening on the port of 4500',
  level: 'info',
  timestamp: '2024-01-18 17:45:41'
}
{
  message: 'server is listening on the port of 4500',
  level: 'info',
  timestamp: '2024-01-18 17:48:22'
}
{
  message: 'server is listening on the port of 4500',
  level: 'info',
  timestamp: '2024-01-18 17:48:46'
}
{
  message: 'server is listening on the port of 4500',
  level: 'info',
  timestamp: '2024-01-18 17:49:58'
}
{
  message: 'server is listening on the port of 4500',
  level: 'info',
  timestamp: '2024-01-18 17:50:03'
}
{
  message: 'server is listening on the port of 4500',
  level: 'info',
  timestamp: '2024-01-18 17:53:27'
}
{
  message: 'server is listening on the port of 4500',
  level: 'info',
  timestamp: '2024-01-18 17:53:38'
}
{
  message: 'server is listening on the port of 4500',
  level: 'info',
  timestamp: '2024-01-18 18:02:21'
}
{
  message: 'server is listening on the port of 4500',
  level: 'info',
  timestamp: '2024-01-18 18:03:06'
}
{
  message: 'server is listening on the port of 4500',
  level: 'info',
  timestamp: '2024-01-18 18:06:10'
}
{
  message: 'server is listening on the port of 4500',
  level: 'info',
  timestamp: '2024-01-18 18:06:39'
}
{
  message: 'server is listening on the port of 4500',
  level: 'info',
  timestamp: '2024-01-18 18:08:08'
}
{
  message: 'server is listening on the port of 4500',
  level: 'info',
  timestamp: '2024-01-18 18:08:28'
}
{
  message: 'server is listening on the port of 4500',
  level: 'info',
  timestamp: '2024-01-18 18:09:19'
}
{
  message: 'server is listening on the port of 4500',
  level: 'info',
  timestamp: '2024-01-18 18:09:41'
}
{
  message: 'server is listening on the port of 4500',
  level: 'info',
  timestamp: '2024-01-18 18:12:50'
}
{
  message: 'server is listening on the port of 4500',
  level: 'info',
  timestamp: '2024-01-18 18:13:02'
}
{
  message: 'server is listening on the port of 4500',
  level: 'info',
  timestamp: '2024-01-18 18:25:45'
}
{
  message: 'server is listening on the port of 4500',
  level: 'info',
  timestamp: '2024-01-18 18:27:36'
}
{
  message: 'server is listening on the port of 4500',
  level: 'info',
  timestamp: '2024-01-18 18:27:41'
}
{
  message: 'server is listening on the port of 4500',
  level: 'info',
  timestamp: '2024-01-18 18:32:14'
}
{
  message: 'server is listening on the port of 4500',
  level: 'info',
  timestamp: '2024-01-18 18:39:19'
}
{
  message: 'server is listening on the port of 4500',
  level: 'info',
  timestamp: '2024-01-18 18:40:50'
}
{
  message: 'server is listening on the port of 4500',
  level: 'info',
  timestamp: '2024-01-18 18:42:35'
}
{
  message: 'server is listening on the port of 4500',
  level: 'info',
  timestamp: '2024-01-18 20:42:16'
}
{
  message: 'server is listening on the port of 4500',
  level: 'info',
  timestamp: '2024-01-18 20:49:06'
}
{
  message: 'server is listening on the port of 4500',
  level: 'info',
  timestamp: '2024-01-18 21:04:53'
}
{
  message: 'server is listening on the port of 4500',
  level: 'info',
  timestamp: '2024-01-18 21:13:36'
}
{
  message: 'server is listening on the port of 4500',
  level: 'info',
  timestamp: '2024-01-18 21:13:41'
}
