{
  status: '422',
  path: '\\controllers\\auth.controller.js',
  level: 'error',
  message: '"email" must be a valid email',
  timestamp: '2024-01-15 14:47:21'
}
{
  status: undefined,
  path: '\\controllers\\auth.controller.js',
  level: 'error',
  message: 'jwtAccessToken is not defined',
  timestamp: '2024-01-15 15:47:47'
}
{
  status: undefined,
  path: '\\controllers\\auth.controller.js',
  level: 'error',
  message: 'secretOrPrivateKey must have a value',
  timestamp: '2024-01-15 16:29:24'
}
{
  status: '500',
  path: '\\middlewares\\auth.middleware.js',
  level: 'error',
  message: 'invalid signature',
  timestamp: '2024-01-15 16:54:45'
}
{
  status: '500',
  path: '\\middlewares\\auth.middleware.js',
  level: 'error',
  message: 'invalid signature',
  timestamp: '2024-01-15 16:56:02'
}
{
  status: '500',
  path: '\\middlewares\\auth.middleware.js',
  level: 'error',
  message: 'invalid signature',
  timestamp: '2024-01-15 16:57:09'
}
{
  status: '500',
  path: '\\middlewares\\auth.middleware.js',
  level: 'error',
  message: 'invalid signature',
  timestamp: '2024-01-15 16:58:33'
}
{
  status: '500',
  path: '\\middlewares\\auth.middleware.js',
  level: 'error',
  message: 'Request not Authorized',
  timestamp: '2024-01-15 17:10:08'
}
