{
  message: 'server is listening on the port of 4500',
  level: 'info',
  timestamp: '2024-01-22 09:18:33'
}
{
  message: 'server is listening on the port of 4500',
  level: 'info',
  timestamp: '2024-01-22 09:21:03'
}
{
  message: 'server is listening on the port of 4500',
  level: 'info',
  timestamp: '2024-01-22 09:21:25'
}
{
  message: 'server is listening on the port of 4500',
  level: 'info',
  timestamp: '2024-01-22 09:22:53'
}
{
  message: 'server is listening on the port of 4500',
  level: 'info',
  timestamp: '2024-01-22 09:23:34'
}
{
  message: 'server is listening on the port of 4500',
  level: 'info',
  timestamp: '2024-01-22 09:24:27'
}
{
  message: 'server is listening on the port of 4500',
  level: 'info',
  timestamp: '2024-01-22 09:24:57'
}
{
  message: 'server is listening on the port of 4500',
  level: 'info',
  timestamp: '2024-01-22 09:27:05'
}
{
  message: 'server is listening on the port of 4500',
  level: 'info',
  timestamp: '2024-01-22 09:38:59'
}
{
  message: 'server is listening on the port of 4500',
  level: 'info',
  timestamp: '2024-01-22 09:54:59'
}
{
  message: 'server is listening on the port of 4500',
  level: 'info',
  timestamp: '2024-01-22 09:58:11'
}
{
  message: 'server is listening on the port of 4500',
  level: 'info',
  timestamp: '2024-01-22 09:59:47'
}
{
  message: 'server is listening on the port of 4500',
  level: 'info',
  timestamp: '2024-01-22 09:59:59'
}
{
  message: 'server is listening on the port of 4500',
  level: 'info',
  timestamp: '2024-01-22 10:01:38'
}
{
  message: 'server is listening on the port of 4500',
  level: 'info',
  timestamp: '2024-01-22 10:06:07'
}
{
  message: 'server is listening on the port of 4500',
  level: 'info',
  timestamp: '2024-01-22 10:06:17'
}
{
  message: 'server is listening on the port of 4500',
  level: 'info',
  timestamp: '2024-01-22 10:06:47'
}
{
  message: 'server is listening on the port of 4500',
  level: 'info',
  timestamp: '2024-01-22 10:07:37'
}
{
  message: 'server is listening on the port of 4500',
  level: 'info',
  timestamp: '2024-01-22 10:09:54'
}
{
  message: 'server is listening on the port of 4500',
  level: 'info',
  timestamp: '2024-01-22 10:53:21'
}
{
  message: 'server is listening on the port of 4500',
  level: 'info',
  timestamp: '2024-01-22 11:48:09'
}
{
  message: 'server is listening on the port of 4500',
  level: 'info',
  timestamp: '2024-01-22 11:48:14'
}
{
  message: 'server is listening on the port of 4500',
  level: 'info',
  timestamp: '2024-01-22 11:48:50'
}
{
  message: 'server is listening on the port of 4500',
  level: 'info',
  timestamp: '2024-01-22 11:57:30'
}
{
  message: 'server is listening on the port of 4500',
  level: 'info',
  timestamp: '2024-01-22 12:20:50'
}
{
  message: 'server is listening on the port of 4500',
  level: 'info',
  timestamp: '2024-01-22 12:22:08'
}
{
  message: 'server is listening on the port of 4500',
  level: 'info',
  timestamp: '2024-01-22 12:22:15'
}
{
  message: 'server is listening on the port of 4500',
  level: 'info',
  timestamp: '2024-01-22 12:22:25'
}
{
  message: 'server is listening on the port of 4500',
  level: 'info',
  timestamp: '2024-01-22 12:22:50'
}
{
  message: 'server is listening on the port of 4500',
  level: 'info',
  timestamp: '2024-01-22 12:25:59'
}
{
  message: 'server is listening on the port of 4500',
  level: 'info',
  timestamp: '2024-01-22 12:26:08'
}
{
  message: 'server is listening on the port of 4500',
  level: 'info',
  timestamp: '2024-01-22 12:26:37'
}
{
  message: 'server is listening on the port of 4500',
  level: 'info',
  timestamp: '2024-01-22 12:45:58'
}
{
  message: 'server is listening on the port of 4500',
  level: 'info',
  timestamp: '2024-01-22 12:46:51'
}
{
  message: 'server is listening on the port of 4500',
  level: 'info',
  timestamp: '2024-01-22 14:40:16'
}
{
  message: 'server is listening on the port of 4500',
  level: 'info',
  timestamp: '2024-01-22 15:01:52'
}
