{
  message: 'server is listening on the port of 4500',
  level: 'info',
  timestamp: '2024-01-16 10:10:12'
}
{
  message: 'server is listening on the port of 4500',
  level: 'info',
  timestamp: '2024-01-16 10:12:09'
}
{
  message: 'server is listening on the port of 4500',
  level: 'info',
  timestamp: '2024-01-16 10:12:17'
}
{
  message: 'server is listening on the port of 4500',
  level: 'info',
  timestamp: '2024-01-16 10:12:40'
}
{
  message: 'server is listening on the port of 4500',
  level: 'info',
  timestamp: '2024-01-16 10:13:05'
}
{
  message: 'server is listening on the port of 4500',
  level: 'info',
  timestamp: '2024-01-16 10:13:22'
}
{
  message: 'server is listening on the port of 4500',
  level: 'info',
  timestamp: '2024-01-16 11:37:59'
}
{
  message: 'server is listening on the port of 4500',
  level: 'info',
  timestamp: '2024-01-16 11:38:24'
}
{
  message: 'server is listening on the port of 4500',
  level: 'info',
  timestamp: '2024-01-16 11:38:40'
}
{
  message: 'server is listening on the port of 4500',
  level: 'info',
  timestamp: '2024-01-16 11:39:46'
}
{
  message: 'server is listening on the port of 4500',
  level: 'info',
  timestamp: '2024-01-16 11:39:59'
}
{
  message: 'server is listening on the port of 4500',
  level: 'info',
  timestamp: '2024-01-16 11:40:04'
}
{
  message: 'server is listening on the port of 4500',
  level: 'info',
  timestamp: '2024-01-16 11:40:39'
}
{
  message: 'server is listening on the port of 4500',
  level: 'info',
  timestamp: '2024-01-16 11:40:42'
}
{
  message: 'server is listening on the port of 4500',
  level: 'info',
  timestamp: '2024-01-16 14:15:31'
}
{
  message: 'server is listening on the port of 4500',
  level: 'info',
  timestamp: '2024-01-16 16:14:34'
}
{
  message: 'Received SIGINT signal. application terminated successfully.',
  level: 'info',
  timestamp: '2024-01-16 16:15:28'
}
{
  message: 'server is listening on the port of 4500',
  level: 'info',
  timestamp: '2024-01-16 16:15:44'
}
{
  message: 'server is listening on the port of 4500',
  level: 'info',
  timestamp: '2024-01-16 16:16:13'
}
{
  message: 'server is listening on the port of 4500',
  level: 'info',
  timestamp: '2024-01-16 16:16:52'
}
{
  message: 'server is listening on the port of 4500',
  level: 'info',
  timestamp: '2024-01-16 16:21:30'
}
{
  message: 'server is listening on the port of 4500',
  level: 'info',
  timestamp: '2024-01-16 16:23:17'
}
{
  message: 'server is listening on the port of 4500',
  level: 'info',
  timestamp: '2024-01-16 16:23:23'
}
{
  message: 'server is listening on the port of 4500',
  level: 'info',
  timestamp: '2024-01-16 16:25:02'
}
{
  message: 'server is listening on the port of 4500',
  level: 'info',
  timestamp: '2024-01-16 16:25:06'
}
{
  message: 'server is listening on the port of 4500',
  level: 'info',
  timestamp: '2024-01-16 16:25:14'
}
{
  message: 'server is listening on the port of 4500',
  level: 'info',
  timestamp: '2024-01-16 16:32:12'
}
{
  message: 'server is listening on the port of 4500',
  level: 'info',
  timestamp: '2024-01-16 16:34:11'
}
{
  message: 'server is listening on the port of 4500',
  level: 'info',
  timestamp: '2024-01-16 16:50:42'
}
{
  message: 'server is listening on the port of 4500',
  level: 'info',
  timestamp: '2024-01-16 16:59:28'
}
{
  message: 'server is listening on the port of 4500',
  level: 'info',
  timestamp: '2024-01-16 17:00:07'
}
{
  message: 'server is listening on the port of 4500',
  level: 'info',
  timestamp: '2024-01-16 17:07:34'
}
{
  message: 'server is listening on the port of 4500',
  level: 'info',
  timestamp: '2024-01-16 17:08:20'
}
{
  message: 'server is listening on the port of 4500',
  level: 'info',
  timestamp: '2024-01-16 17:11:05'
}
{
  message: 'server is listening on the port of 4500',
  level: 'info',
  timestamp: '2024-01-16 17:11:50'
}
{
  message: 'server is listening on the port of 4500',
  level: 'info',
  timestamp: '2024-01-16 17:12:06'
}
{
  message: 'server is listening on the port of 4500',
  level: 'info',
  timestamp: '2024-01-16 17:14:49'
}
{
  message: 'server is listening on the port of 4500',
  level: 'info',
  timestamp: '2024-01-16 17:15:01'
}
{
  message: 'server is listening on the port of 4500',
  level: 'info',
  timestamp: '2024-01-16 18:01:54'
}
{
  message: 'server is listening on the port of 4500',
  level: 'info',
  timestamp: '2024-01-16 18:08:19'
}
{
  message: 'server is listening on the port of 4500',
  level: 'info',
  timestamp: '2024-01-16 18:09:41'
}
{
  message: 'server is listening on the port of 4500',
  level: 'info',
  timestamp: '2024-01-16 18:10:12'
}
{
  message: 'server is listening on the port of 4500',
  level: 'info',
  timestamp: '2024-01-16 18:31:10'
}
{
  message: 'server is listening on the port of 4500',
  level: 'info',
  timestamp: '2024-01-16 18:34:47'
}
{
  message: 'server is listening on the port of 4500',
  level: 'info',
  timestamp: '2024-01-16 18:41:34'
}
{
  message: 'server is listening on the port of 4500',
  level: 'info',
  timestamp: '2024-01-16 18:44:42'
}
{
  message: 'server is listening on the port of 4500',
  level: 'info',
  timestamp: '2024-01-16 18:45:17'
}
{
  message: 'server is listening on the port of 4500',
  level: 'info',
  timestamp: '2024-01-16 18:46:58'
}
{
  message: 'server is listening on the port of 4500',
  level: 'info',
  timestamp: '2024-01-16 18:49:39'
}
{
  message: 'server is listening on the port of 4500',
  level: 'info',
  timestamp: '2024-01-16 18:56:23'
}
{
  message: 'server is listening on the port of 4500',
  level: 'info',
  timestamp: '2024-01-16 18:58:38'
}
{
  message: 'server is listening on the port of 4500',
  level: 'info',
  timestamp: '2024-01-16 18:59:00'
}
{
  message: 'server is listening on the port of 4500',
  level: 'info',
  timestamp: '2024-01-16 19:00:11'
}
{
  message: 'server is listening on the port of 4500',
  level: 'info',
  timestamp: '2024-01-16 19:00:43'
}
{
  message: 'server is listening on the port of 4500',
  level: 'info',
  timestamp: '2024-01-16 19:01:29'
}
{
  message: 'server is listening on the port of 4500',
  level: 'info',
  timestamp: '2024-01-16 19:03:26'
}
{
  message: 'server is listening on the port of 4500',
  level: 'info',
  timestamp: '2024-01-16 19:31:31'
}
