{
  message: 'server is listening on the port of 4500',
  level: 'info',
  timestamp: '2024-01-15 14:34:18'
}
{
  message: 'server is listening on the port of 4500',
  level: 'info',
  timestamp: '2024-01-15 14:34:55'
}
{
  message: 'server is listening on the port of 4500',
  level: 'info',
  timestamp: '2024-01-15 14:39:34'
}
{
  message: 'server is listening on the port of 4500',
  level: 'info',
  timestamp: '2024-01-15 14:41:17'
}
{
  message: 'server is listening on the port of 4500',
  level: 'info',
  timestamp: '2024-01-15 14:41:43'
}
{
  message: 'server is listening on the port of 4500',
  level: 'info',
  timestamp: '2024-01-15 14:46:13'
}
{
  message: 'server is listening on the port of 4500',
  level: 'info',
  timestamp: '2024-01-15 14:46:20'
}
{
  message: 'server is listening on the port of 4500',
  level: 'info',
  timestamp: '2024-01-15 14:47:52'
}
{
  message: 'server is listening on the port of 4500',
  level: 'info',
  timestamp: '2024-01-15 14:48:23'
}
{
  message: 'server is listening on the port of 4500',
  level: 'info',
  timestamp: '2024-01-15 14:55:24'
}
{
  message: 'server is listening on the port of 4500',
  level: 'info',
  timestamp: '2024-01-15 14:59:25'
}
{
  message: 'server is listening on the port of 4500',
  level: 'info',
  timestamp: '2024-01-15 14:59:54'
}
{
  message: 'server is listening on the port of 4500',
  level: 'info',
  timestamp: '2024-01-15 15:02:40'
}
{
  message: 'server is listening on the port of 4500',
  level: 'info',
  timestamp: '2024-01-15 15:31:56'
}
{
  message: 'server is listening on the port of 4500',
  level: 'info',
  timestamp: '2024-01-15 15:33:51'
}
{
  message: 'server is listening on the port of 4500',
  level: 'info',
  timestamp: '2024-01-15 15:36:13'
}
{
  message: 'server is listening on the port of 4500',
  level: 'info',
  timestamp: '2024-01-15 15:37:05'
}
{
  message: 'server is listening on the port of 4500',
  level: 'info',
  timestamp: '2024-01-15 15:40:14'
}
{
  message: 'server is listening on the port of 4500',
  level: 'info',
  timestamp: '2024-01-15 15:40:20'
}
{
  message: 'server is listening on the port of 4500',
  level: 'info',
  timestamp: '2024-01-15 15:40:28'
}
{
  message: 'server is listening on the port of 4500',
  level: 'info',
  timestamp: '2024-01-15 15:42:21'
}
{
  message: 'server is listening on the port of 4500',
  level: 'info',
  timestamp: '2024-01-15 15:42:50'
}
{
  message: 'server is listening on the port of 4500',
  level: 'info',
  timestamp: '2024-01-15 15:44:18'
}
{
  message: 'server is listening on the port of 4500',
  level: 'info',
  timestamp: '2024-01-15 15:44:58'
}
{
  message: 'server is listening on the port of 4500',
  level: 'info',
  timestamp: '2024-01-15 15:45:08'
}
{
  message: 'server is listening on the port of 4500',
  level: 'info',
  timestamp: '2024-01-15 15:45:15'
}
{
  message: 'server is listening on the port of 4500',
  level: 'info',
  timestamp: '2024-01-15 15:45:21'
}
{
  message: 'server is listening on the port of 4500',
  level: 'info',
  timestamp: '2024-01-15 15:46:06'
}
{
  message: 'server is listening on the port of 4500',
  level: 'info',
  timestamp: '2024-01-15 15:46:50'
}
{
  message: 'server is listening on the port of 4500',
  level: 'info',
  timestamp: '2024-01-15 15:46:57'
}
{
  message: 'server is listening on the port of 4500',
  level: 'info',
  timestamp: '2024-01-15 15:47:05'
}
{
  message: 'server is listening on the port of 4500',
  level: 'info',
  timestamp: '2024-01-15 15:47:37'
}
{
  message: 'server is listening on the port of 4500',
  level: 'info',
  timestamp: '2024-01-15 15:48:44'
}
{
  message: 'server is listening on the port of 4500',
  level: 'info',
  timestamp: '2024-01-15 15:49:55'
}
{
  message: 'server is listening on the port of 4500',
  level: 'info',
  timestamp: '2024-01-15 15:49:58'
}
{
  message: 'server is listening on the port of 4500',
  level: 'info',
  timestamp: '2024-01-15 15:50:53'
}
{
  message: 'server is listening on the port of 4500',
  level: 'info',
  timestamp: '2024-01-15 16:19:49'
}
{
  message: 'server is listening on the port of 4500',
  level: 'info',
  timestamp: '2024-01-15 16:22:02'
}
{
  message: 'server is listening on the port of 4500',
  level: 'info',
  timestamp: '2024-01-15 16:22:35'
}
{
  message: 'server is listening on the port of 4500',
  level: 'info',
  timestamp: '2024-01-15 16:22:47'
}
{
  message: 'server is listening on the port of 4500',
  level: 'info',
  timestamp: '2024-01-15 16:23:11'
}
{
  message: 'server is listening on the port of 4500',
  level: 'info',
  timestamp: '2024-01-15 16:23:54'
}
{
  message: 'server is listening on the port of 4500',
  level: 'info',
  timestamp: '2024-01-15 16:25:38'
}
{
  message: 'server is listening on the port of 4500',
  level: 'info',
  timestamp: '2024-01-15 16:28:23'
}
{
  message: 'server is listening on the port of 4500',
  level: 'info',
  timestamp: '2024-01-15 16:28:58'
}
{
  message: 'server is listening on the port of 4500',
  level: 'info',
  timestamp: '2024-01-15 16:30:52'
}
{
  message: 'server is listening on the port of 4500',
  level: 'info',
  timestamp: '2024-01-15 16:31:05'
}
{
  message: 'server is listening on the port of 4500',
  level: 'info',
  timestamp: '2024-01-15 16:35:36'
}
{
  message: 'server is listening on the port of 4500',
  level: 'info',
  timestamp: '2024-01-15 16:36:17'
}
{
  message: 'server is listening on the port of 4500',
  level: 'info',
  timestamp: '2024-01-15 16:37:06'
}
{
  message: 'server is listening on the port of 4500',
  level: 'info',
  timestamp: '2024-01-15 16:37:11'
}
{
  message: 'server is listening on the port of 4500',
  level: 'info',
  timestamp: '2024-01-15 16:37:20'
}
{
  message: 'server is listening on the port of 4500',
  level: 'info',
  timestamp: '2024-01-15 16:39:22'
}
{
  message: 'server is listening on the port of 4500',
  level: 'info',
  timestamp: '2024-01-15 16:40:37'
}
{
  message: 'server is listening on the port of 4500',
  level: 'info',
  timestamp: '2024-01-15 16:41:10'
}
{
  message: 'server is listening on the port of 4500',
  level: 'info',
  timestamp: '2024-01-15 16:42:55'
}
{
  message: 'server is listening on the port of 4500',
  level: 'info',
  timestamp: '2024-01-15 16:44:25'
}
{
  message: 'server is listening on the port of 4500',
  level: 'info',
  timestamp: '2024-01-15 16:45:21'
}
{
  message: 'server is listening on the port of 4500',
  level: 'info',
  timestamp: '2024-01-15 16:53:02'
}
{
  message: 'server is listening on the port of 4500',
  level: 'info',
  timestamp: '2024-01-15 16:54:42'
}
{
  message: 'server is listening on the port of 4500',
  level: 'info',
  timestamp: '2024-01-15 16:55:46'
}
{
  message: 'server is listening on the port of 4500',
  level: 'info',
  timestamp: '2024-01-15 16:55:59'
}
{
  message: 'server is listening on the port of 4500',
  level: 'info',
  timestamp: '2024-01-15 16:57:02'
}
{
  message: 'server is listening on the port of 4500',
  level: 'info',
  timestamp: '2024-01-15 16:57:30'
}
{
  message: 'server is listening on the port of 4500',
  level: 'info',
  timestamp: '2024-01-15 16:58:52'
}
{
  message: 'server is listening on the port of 4500',
  level: 'info',
  timestamp: '2024-01-15 16:59:42'
}
