{
  status: '404',
  path: '\\controllers\\permission\\permission.controller.js',
  level: 'error',
  message: 'Access Group with id: 4 does not exist',
  timestamp: '2024-01-18 11:38:18'
}
{
  status: undefined,
  path: '\\controllers\\permission\\permission.controller.js',
  level: 'error',
  message: 'findAll is not defined',
  timestamp: '2024-01-18 11:40:44'
}
{
  status: undefined,
  path: '\\controllers\\permission\\permission.controller.js',
  level: 'error',
  message: 'accessGroup.addAppRoutes is not a function',
  timestamp: '2024-01-18 11:42:51'
}
{
  status: undefined,
  path: '\\controllers\\permission\\permission.controller.js',
  level: 'error',
  message: 'accessGroup.addAppRoutes is not a function',
  timestamp: '2024-01-18 11:48:41'
}
{
  status: undefined,
  path: '\\controllers\\permission\\permission.controller.js',
  level: 'error',
  message: 'accessGroup.addAppRoutes is not a function',
  timestamp: '2024-01-18 12:02:36'
}
{
  status: undefined,
  path: '\\controllers\\permission\\permission.controller.js',
  level: 'error',
  message: 'accessGroup.createAppRoutes is not a function',
  timestamp: '2024-01-18 12:10:26'
}
{
  status: undefined,
  path: '\\controllers\\permission\\permission.controller.js',
  level: 'error',
  message: 'accessGroup.createAppRoutes is not a function',
  timestamp: '2024-01-18 12:13:26'
}
{
  status: undefined,
  path: '\\controllers\\permission\\permission.controller.js',
  level: 'error',
  message: 'column "id" does not exist',
  timestamp: '2024-01-18 14:31:41'
}
{
  status: undefined,
  path: '\\controllers\\permission\\permission.controller.js',
  level: 'error',
  message: 'column "id" does not exist',
  timestamp: '2024-01-18 14:32:48'
}
{
  status: undefined,
  path: '\\controllers\\permission\\permission.controller.js',
  level: 'error',
  message: 'column "id" does not exist',
  timestamp: '2024-01-18 14:34:05'
}
{
  status: undefined,
  path: '\\controllers\\permission\\permission.controller.js',
  level: 'error',
  message: 'AccessGroup is not associated to Permission!',
  timestamp: '2024-01-18 14:40:35'
}
{
  status: undefined,
  path: '\\controllers\\permission\\permission.controller.js',
  level: 'error',
  message: 'column Permission.id does not exist',
  timestamp: '2024-01-18 14:48:58'
}
{
  status: undefined,
  path: '\\controllers\\permission\\permission.controller.js',
  level: 'error',
  message: 'WHERE parameter "id" has invalid "undefined" value',
  timestamp: '2024-01-18 15:04:58'
}
{
  status: undefined,
  path: '\\controllers\\permission\\permission.controller.js',
  level: 'error',
  message: 'permission.setAppRoutes is not a function',
  timestamp: '2024-01-18 15:06:34'
}
{
  status: undefined,
  path: '\\controllers\\permission\\permission.controller.js',
  level: 'error',
  message: 'relation "Permissions" does not exist',
  timestamp: '2024-01-18 15:15:45'
}
{
  status: undefined,
  path: '\\controllers\\permission\\permission.controller.js',
  level: 'error',
  message: 'column Permission.id does not exist',
  timestamp: '2024-01-18 15:19:07'
}
{
  status: undefined,
  path: '\\controllers\\permission\\permission.controller.js',
  level: 'error',
  message: 'column Permission.appRouteId does not exist',
  timestamp: '2024-01-18 15:31:31'
}
{
  status: undefined,
  path: '\\controllers\\permission\\permission.controller.js',
  level: 'error',
  message: 'column Permission.appRouteId does not exist',
  timestamp: '2024-01-18 15:33:16'
}
{
  status: undefined,
  path: '\\controllers\\permission\\permission.controller.js',
  level: 'error',
  message: "Cannot read properties of undefined (reading 'validateAsync')",
  timestamp: '2024-01-18 16:20:32'
}
{
  status: undefined,
  path: '\\controllers\\permission\\permission.controller.js',
  level: 'error',
  message: 'column Permission.AppRouteId does not exist',
  timestamp: '2024-01-18 16:25:25'
}
{
  status: '422',
  path: '\\controllers\\permission\\permission.controller.js',
  level: 'error',
  message: '"permissionId" must be a number',
  timestamp: '2024-01-18 16:43:59'
}
{
  status: undefined,
  path: '\\controllers\\permission\\permission.controller.js',
  level: 'error',
  message: 'WHERE parameter "id" has invalid "undefined" value',
  timestamp: '2024-01-18 16:44:36'
}
{
  name: 'SequelizeUniqueConstraintError',
  errors: [
    ValidationErrorItem {
      message: 'relname must be unique',
      type: 'unique violation',
      path: 'relname',
      value: 'AppRoutes_id_seq',
      origin: 'DB',
      instance: null,
      validatorKey: 'not_unique',
      validatorName: null,
      validatorArgs: []
    },
    ValidationErrorItem {
      message: 'relnamespace must be unique',
      type: 'unique violation',
      path: 'relnamespace',
      value: '2200',
      origin: 'DB',
      instance: null,
      validatorKey: 'not_unique',
      validatorName: null,
      validatorArgs: []
    }
  ],
  parent: error: duplicate key value violates unique constraint "pg_class_relname_nsp_index"
      at Parser.parseErrorMessage (C:\Users\deepa\OneDrive\Desktop\maanthena_website\maanthena_website_backend\node_modules\pg-protocol\dist\parser.js:287:98)
      at Parser.handlePacket (C:\Users\deepa\OneDrive\Desktop\maanthena_website\maanthena_website_backend\node_modules\pg-protocol\dist\parser.js:126:29)
      at Parser.parse (C:\Users\deepa\OneDrive\Desktop\maanthena_website\maanthena_website_backend\node_modules\pg-protocol\dist\parser.js:39:38)
      at Socket.<anonymous> (C:\Users\deepa\OneDrive\Desktop\maanthena_website\maanthena_website_backend\node_modules\pg-protocol\dist\index.js:11:42)
      at Socket.emit (node:events:514:28)
      at addChunk (node:internal/streams/readable:376:12)
      at readableAddChunk (node:internal/streams/readable:349:9)
      at Readable.push (node:internal/streams/readable:286:10)
      at TCP.onStreamRead (node:internal/stream_base_commons:190:23) {
    length: 259,
    severity: 'ERROR',
    code: '23505',
    detail: 'Key (relname, relnamespace)=(AppRoutes_id_seq, 2200) already exists.',
    hint: undefined,
    position: undefined,
    internalPosition: undefined,
    internalQuery: undefined,
    where: undefined,
    schema: 'pg_catalog',
    table: 'pg_class',
    column: undefined,
    dataType: undefined,
    constraint: 'pg_class_relname_nsp_index',
    file: 'nbtinsert.c',
    line: '673',
    routine: '_bt_check_unique',
    sql: 'CREATE TABLE IF NOT EXISTS "AppRoutes" ("id"   SERIAL , "path" VARCHAR(255) NOT NULL, "method" VARCHAR(255) NOT NULL, "isDeleted" BOOLEAN DEFAULT false, "createdAt" TIMESTAMP WITH TIME ZONE NOT NULL, "updatedAt" TIMESTAMP WITH TIME ZONE NOT NULL, PRIMARY KEY ("id"));',
    parameters: undefined
  },
  original: error: duplicate key value violates unique constraint "pg_class_relname_nsp_index"
      at Parser.parseErrorMessage (C:\Users\deepa\OneDrive\Desktop\maanthena_website\maanthena_website_backend\node_modules\pg-protocol\dist\parser.js:287:98)
      at Parser.handlePacket (C:\Users\deepa\OneDrive\Desktop\maanthena_website\maanthena_website_backend\node_modules\pg-protocol\dist\parser.js:126:29)
      at Parser.parse (C:\Users\deepa\OneDrive\Desktop\maanthena_website\maanthena_website_backend\node_modules\pg-protocol\dist\parser.js:39:38)
      at Socket.<anonymous> (C:\Users\deepa\OneDrive\Desktop\maanthena_website\maanthena_website_backend\node_modules\pg-protocol\dist\index.js:11:42)
      at Socket.emit (node:events:514:28)
      at addChunk (node:internal/streams/readable:376:12)
      at readableAddChunk (node:internal/streams/readable:349:9)
      at Readable.push (node:internal/streams/readable:286:10)
      at TCP.onStreamRead (node:internal/stream_base_commons:190:23) {
    length: 259,
    severity: 'ERROR',
    code: '23505',
    detail: 'Key (relname, relnamespace)=(AppRoutes_id_seq, 2200) already exists.',
    hint: undefined,
    position: undefined,
    internalPosition: undefined,
    internalQuery: undefined,
    where: undefined,
    schema: 'pg_catalog',
    table: 'pg_class',
    column: undefined,
    dataType: undefined,
    constraint: 'pg_class_relname_nsp_index',
    file: 'nbtinsert.c',
    line: '673',
    routine: '_bt_check_unique',
    sql: 'CREATE TABLE IF NOT EXISTS "AppRoutes" ("id"   SERIAL , "path" VARCHAR(255) NOT NULL, "method" VARCHAR(255) NOT NULL, "isDeleted" BOOLEAN DEFAULT false, "createdAt" TIMESTAMP WITH TIME ZONE NOT NULL, "updatedAt" TIMESTAMP WITH TIME ZONE NOT NULL, PRIMARY KEY ("id"));',
    parameters: undefined
  },
  fields: { relname: 'AppRoutes_id_seq', relnamespace: '2200' },
  sql: 'CREATE TABLE IF NOT EXISTS "AppRoutes" ("id"   SERIAL , "path" VARCHAR(255) NOT NULL, "method" VARCHAR(255) NOT NULL, "isDeleted" BOOLEAN DEFAULT false, "createdAt" TIMESTAMP WITH TIME ZONE NOT NULL, "updatedAt" TIMESTAMP WITH TIME ZONE NOT NULL, PRIMARY KEY ("id"));',
  level: 'error',
  timestamp: '2024-01-18 17:53:27'
}
{
  status: '401',
  path: '\\controllers\\auth\\auth.controller.js',
  level: 'error',
  message: 'invalid credentials',
  timestamp: '2024-01-18 18:33:56'
}
{
  status: '401',
  path: '\\controllers\\auth\\auth.controller.js',
  level: 'error',
  message: 'invalid credentials',
  timestamp: '2024-01-18 18:34:06'
}
{
  status: '500',
  path: '\\middlewares\\auth.middleware.js',
  level: 'error',
  message: 'Request not Authorized',
  timestamp: '2024-01-18 18:35:10'
}
{
  status: '500',
  path: '\\middlewares\\auth.middleware.js',
  level: 'error',
  message: 'Request not Authorized',
  timestamp: '2024-01-18 18:35:11'
}
{
  status: undefined,
  path: '\\controllers\\permission\\permission.controller.js',
  level: 'error',
  message: 'column Permission.AppRouteId does not exist',
  timestamp: '2024-01-18 20:41:18'
}
